A    /Users/66j/Documents/ORNL/code/g2full/GSASII/svn
A    /Users/66j/Documents/ORNL/code/g2full/GSASII/svn/lib
A    /Users/66j/Documents/ORNL/code/g2full/GSASII/svn/lib/libexpat.1.dylib
A    /Users/66j/Documents/ORNL/code/g2full/GSASII/svn/lib/libsvn_fs_x-1.0.dylib
A    /Users/66j/Documents/ORNL/code/g2full/GSASII/svn/lib/libsvn_fs_fs-1.0.dylib
A    /Users/66j/Documents/ORNL/code/g2full/GSASII/svn/lib/libsqlite3.0.dylib
A    /Users/66j/Documents/ORNL/code/g2full/GSASII/svn/lib/libsasl2.dylib
A    /Users/66j/Documents/ORNL/code/g2full/GSASII/svn/lib/libsvn_ra-1.0.dylib
A    /Users/66j/Documents/ORNL/code/g2full/GSASII/svn/lib/libsvn_fs_util-1.0.dylib
A    /Users/66j/Documents/ORNL/code/g2full/GSASII/svn/lib/libsvn_fs-1.0.dylib
A    /Users/66j/Documents/ORNL/code/g2full/GSASII/svn/lib/libsvn_diff-1.0.dylib
A    /Users/66j/Documents/ORNL/code/g2full/GSASII/svn/lib/libsvn_wc-1.0.dylib
A    /Users/66j/Documents/ORNL/code/g2full/GSASII/svn/lib/libserf-1.dylib
A    /Users/66j/Documents/ORNL/code/g2full/GSASII/svn/lib/libsvn_subr-1.0.dylib
A    /Users/66j/Documents/ORNL/code/g2full/GSASII/svn/lib/libsvn_ra_local-1.0.dylib
A    /Users/66j/Documents/ORNL/code/g2full/GSASII/svn/lib/libssl.1.1.dylib
A    /Users/66j/Documents/ORNL/code/g2full/GSASII/svn/lib/libsvn_client-1.0.dylib
A    /Users/66j/Documents/ORNL/code/g2full/GSASII/svn/lib/libsvn_ra_serf-1.0.dylib
A    /Users/66j/Documents/ORNL/code/g2full/GSASII/svn/lib/libz.1.dylib
A    /Users/66j/Documents/ORNL/code/g2full/GSASII/svn/lib/liblz4.1.dylib
A    /Users/66j/Documents/ORNL/code/g2full/GSASII/svn/lib/libutf8proc.2.dylib
A    /Users/66j/Documents/ORNL/code/g2full/GSASII/svn/lib/libsvn_repos-1.0.dylib
A    /Users/66j/Documents/ORNL/code/g2full/GSASII/svn/lib/libsvn_ra_svn-1.0.dylib
A    /Users/66j/Documents/ORNL/code/g2full/GSASII/svn/lib/libsvn_delta-1.0.dylib
A    /Users/66j/Documents/ORNL/code/g2full/GSASII/svn/lib/libaprutil-1.0.dylib
A    /Users/66j/Documents/ORNL/code/g2full/GSASII/svn/lib/libapr-1.0.dylib
A    /Users/66j/Documents/ORNL/code/g2full/GSASII/svn/lib/libcrypto.1.1.dylib
A    /Users/66j/Documents/ORNL/code/g2full/GSASII/svn/bin
A    /Users/66j/Documents/ORNL/code/g2full/GSASII/svn/bin/svn
A    /Users/66j/Documents/ORNL/code/g2full/GSASII/svn/macRelink.py
Exported revision 5447.
A    /Users/66j/Documents/ORNL/code/g2full/GSASII/bindist
A    /Users/66j/Documents/ORNL/code/g2full/GSASII/bindist/emptydir.txt
A    /Users/66j/Documents/ORNL/code/g2full/GSASII/GSASIIIO.py
A    /Users/66j/Documents/ORNL/code/g2full/GSASII/testDeriv.py
A    /Users/66j/Documents/ORNL/code/g2full/GSASII/exarrow.ico
A    /Users/66j/Documents/ORNL/code/g2full/GSASII/help.ico
A    /Users/66j/Documents/ORNL/code/g2full/GSASII/GSASIIpy3.py
A    /Users/66j/Documents/ORNL/code/g2full/GSASII/testSSymbols.py
A    /Users/66j/Documents/ORNL/code/g2full/GSASII/GSASIIplot.py
A    /Users/66j/Documents/ORNL/code/g2full/GSASII/license2013.txt
A    /Users/66j/Documents/ORNL/code/g2full/GSASII/config_example.py
A    /Users/66j/Documents/ORNL/code/g2full/GSASII/GSASIIspc.py
A    /Users/66j/Documents/ORNL/code/g2full/GSASII/ImageCalibrants.py
A    /Users/66j/Documents/ORNL/code/g2full/GSASII/CorrectionCode.instprm.sample
A    /Users/66j/Documents/ORNL/code/g2full/GSASII/g2app.tar.gz
A    /Users/66j/Documents/ORNL/code/g2full/GSASII/sxarrow.ico
A    /Users/66j/Documents/ORNL/code/g2full/GSASII/GSASIIscriptable.py
A    /Users/66j/Documents/ORNL/code/g2full/GSASII/SUBGROUPS.py
A    /Users/66j/Documents/ORNL/code/g2full/GSASII/GSASIIpwd.py
A    /Users/66j/Documents/ORNL/code/g2full/GSASII/GSASIIpath.py
A    /Users/66j/Documents/ORNL/code/g2full/GSASII/makeLinux.py
A    /Users/66j/Documents/ORNL/code/g2full/GSASII/example.imctrl
A    /Users/66j/Documents/ORNL/code/g2full/GSASII/rarrow.ico
A    /Users/66j/Documents/ORNL/code/g2full/GSASII/ReadMarCCDFrame.py
A    /Users/66j/Documents/ORNL/code/g2full/GSASII/GSAS2.rsrc
A    /Users/66j/Documents/ORNL/code/g2full/GSASII/docs
A    /Users/66j/Documents/ORNL/code/g2full/GSASII/docs/addnew.sh
A    /Users/66j/Documents/ORNL/code/g2full/GSASII/docs/Makefile
A    /Users/66j/Documents/ORNL/code/g2full/GSASII/docs/ReadTheDocs_build.sh
A    /Users/66j/Documents/ORNL/code/g2full/GSASII/docs/find_undoc.py
A    /Users/66j/Documents/ORNL/code/g2full/GSASII/docs/source
A    /Users/66j/Documents/ORNL/code/g2full/GSASII/docs/source/imports.rst
A    /Users/66j/Documents/ORNL/code/g2full/GSASII/docs/source/GSASIIstruc.rst
A    /Users/66j/Documents/ORNL/code/g2full/GSASII/docs/source/exports.rst
A    /Users/66j/Documents/ORNL/code/g2full/GSASII/docs/source/conf.py
A    /Users/66j/Documents/ORNL/code/g2full/GSASII/docs/source/GSASIIGUIr.rst
A    /Users/66j/Documents/ORNL/code/g2full/GSASII/docs/source/index.rst
A    /Users/66j/Documents/ORNL/code/g2full/GSASII/docs/source/GSASIIindex.rst
A    /Users/66j/Documents/ORNL/code/g2full/GSASII/docs/source/GSASIImapvars.rst
A    /Users/66j/Documents/ORNL/code/g2full/GSASII/docs/source/GSASIIobj.rst
A    /Users/66j/Documents/ORNL/code/g2full/GSASII/docs/source/vars.rst
A    /Users/66j/Documents/ORNL/code/g2full/GSASII/docs/source/GSASIIutil.rst
A    /Users/66j/Documents/ORNL/code/g2full/GSASII/docs/source/GSASIIplot.rst
A    /Users/66j/Documents/ORNL/code/g2full/GSASII/docs/source/indices.rst
A    /Users/66j/Documents/ORNL/code/g2full/GSASII/docs/source/packages.rst
A    /Users/66j/Documents/ORNL/code/g2full/GSASII/docs/source/GSASII.rst
A    /Users/66j/Documents/ORNL/code/g2full/GSASII/docs/source/_static
A    /Users/66j/Documents/ORNL/code/g2full/GSASII/docs/source/_static/theme_overrides.css
A    /Users/66j/Documents/ORNL/code/g2full/GSASII/docs/source/GSASIIimage.rst
A    /Users/66j/Documents/ORNL/code/g2full/GSASII/docs/source/GSASIIGUI.rst
A    /Users/66j/Documents/ORNL/code/g2full/GSASII/docs/source/SAS.rst
A    /Users/66j/Documents/ORNL/code/g2full/GSASII/docs/source/GSASIIscripts.rst
A    /Users/66j/Documents/ORNL/code/g2full/GSASII/docs/source/G2_html_logo.png
A    /Users/66j/Documents/ORNL/code/g2full/GSASII/docs/source/GSASIIscriptable.rst
A    /Users/66j/Documents/ORNL/code/g2full/GSASII/docs/source/G2tools.rst
A    /Users/66j/Documents/ORNL/code/g2full/GSASII/docs/source/GSASIImath.rst
A    /Users/66j/Documents/ORNL/code/g2full/GSASII/docs/source/GSASIIpwd.rst
A    /Users/66j/Documents/ORNL/code/g2full/GSASII/docs/make.bat
A    /Users/66j/Documents/ORNL/code/g2full/GSASII/ElementTable.py
A    /Users/66j/Documents/ORNL/code/g2full/GSASII/NIST_profile
A    /Users/66j/Documents/ORNL/code/g2full/GSASII/NIST_profile/atan_windowed_FP_profile.py
A    /Users/66j/Documents/ORNL/code/g2full/GSASII/NIST_profile/profile_functions_class.py
A    /Users/66j/Documents/ORNL/code/g2full/GSASII/NIST_profile/__init__.py
A    /Users/66j/Documents/ORNL/code/g2full/GSASII/gltext.py
A    /Users/66j/Documents/ORNL/code/g2full/GSASII/PDFfit2
A    /Users/66j/Documents/ORNL/code/g2full/GSASII/PDFfit2/GSASII.notes.txt
A    /Users/66j/Documents/ORNL/code/g2full/GSASII/PDFfit2/manual
A    /Users/66j/Documents/ORNL/code/g2full/GSASII/PDFfit2/manual/Farrow-jpcm-2007.pdf
A    /Users/66j/Documents/ORNL/code/g2full/GSASII/PDFfit2/manual/images
A    /Users/66j/Documents/ORNL/code/g2full/GSASII/PDFfit2/manual/images/fig2-01.png
A    /Users/66j/Documents/ORNL/code/g2full/GSASII/PDFfit2/manual/images/fig2-10.png
A    /Users/66j/Documents/ORNL/code/g2full/GSASII/PDFfit2/manual/images/fig3-10.png
A    /Users/66j/Documents/ORNL/code/g2full/GSASII/PDFfit2/manual/images/fig2-02.png
A    /Users/66j/Documents/ORNL/code/g2full/GSASII/PDFfit2/manual/images/fig2-11.png
A    /Users/66j/Documents/ORNL/code/g2full/GSASII/PDFfit2/manual/images/fig3-01.png
A    /Users/66j/Documents/ORNL/code/g2full/GSASII/PDFfit2/manual/images/fig4-01.png
A    /Users/66j/Documents/ORNL/code/g2full/GSASII/PDFfit2/manual/images/fig2-03.png
A    /Users/66j/Documents/ORNL/code/g2full/GSASII/PDFfit2/manual/images/fig3-02.png
A    /Users/66j/Documents/ORNL/code/g2full/GSASII/PDFfit2/manual/images/fig4-02.png
A    /Users/66j/Documents/ORNL/code/g2full/GSASII/PDFfit2/manual/images/fig2-04.png
A    /Users/66j/Documents/ORNL/code/g2full/GSASII/PDFfit2/manual/images/fig3-03.png
A    /Users/66j/Documents/ORNL/code/g2full/GSASII/PDFfit2/manual/images/fig3-04.png
A    /Users/66j/Documents/ORNL/code/g2full/GSASII/PDFfit2/manual/images/fig2-05.png
A    /Users/66j/Documents/ORNL/code/g2full/GSASII/PDFfit2/manual/images/fig3-05.png
A    /Users/66j/Documents/ORNL/code/g2full/GSASII/PDFfit2/manual/images/fig2-06.png
A    /Users/66j/Documents/ORNL/code/g2full/GSASII/PDFfit2/manual/images/fig2-07.png
A    /Users/66j/Documents/ORNL/code/g2full/GSASII/PDFfit2/manual/images/fig3-06.png
A    /Users/66j/Documents/ORNL/code/g2full/GSASII/PDFfit2/manual/images/fig2-08.png
A    /Users/66j/Documents/ORNL/code/g2full/GSASII/PDFfit2/manual/images/fig3-07.png
A    /Users/66j/Documents/ORNL/code/g2full/GSASII/PDFfit2/manual/images/fig2-09.png
A    /Users/66j/Documents/ORNL/code/g2full/GSASII/PDFfit2/manual/images/fig3-08.png
A    /Users/66j/Documents/ORNL/code/g2full/GSASII/PDFfit2/manual/images/fig3-09.png
A    /Users/66j/Documents/ORNL/code/g2full/GSASII/PDFfit2/manual/images/eq-01.png
A    /Users/66j/Documents/ORNL/code/g2full/GSASII/PDFfit2/manual/images/eq-02.png
A    /Users/66j/Documents/ORNL/code/g2full/GSASII/PDFfit2/manual/pdfgui.pdf
A    /Users/66j/Documents/ORNL/code/g2full/GSASII/PDFfit2/manual/Proffen-jac-1999.pdf
A    /Users/66j/Documents/ORNL/code/g2full/GSASII/PDFfit2/manual/pdfgui.html
A    /Users/66j/Documents/ORNL/code/g2full/GSASII/PDFfit2/LICENSE.txt
A    /Users/66j/Documents/ORNL/code/g2full/GSASII/PDFfit2/diffpy
A    /Users/66j/Documents/ORNL/code/g2full/GSASII/PDFfit2/diffpy/__init__.py
A    /Users/66j/Documents/ORNL/code/g2full/GSASII/PDFfit2/diffpy/pdffit2
A    /Users/66j/Documents/ORNL/code/g2full/GSASII/PDFfit2/diffpy/pdffit2/__init__.py
A    /Users/66j/Documents/ORNL/code/g2full/GSASII/PDFfit2/diffpy/pdffit2/output.py
A    /Users/66j/Documents/ORNL/code/g2full/GSASII/PDFfit2/diffpy/pdffit2/ipy_ext.py
A    /Users/66j/Documents/ORNL/code/g2full/GSASII/PDFfit2/diffpy/pdffit2/version.py
A    /Users/66j/Documents/ORNL/code/g2full/GSASII/PDFfit2/diffpy/pdffit2/pdffit.py
A    /Users/66j/Documents/ORNL/code/g2full/GSASII/PDFfit2/diffpy/pdffit2/version.cfg
A    /Users/66j/Documents/ORNL/code/g2full/GSASII/PDFfit2/AUTHORS.txt
A    /Users/66j/Documents/ORNL/code/g2full/GSASII/GSASIImapvars.py
A    /Users/66j/Documents/ORNL/code/g2full/GSASII/Substances.py
A    /Users/66j/Documents/ORNL/code/g2full/GSASII/eyarrow.ico
A    /Users/66j/Documents/ORNL/code/g2full/GSASII/GSASIIobj.py
A    /Users/66j/Documents/ORNL/code/g2full/GSASII/GSASIIconstrGUI.py
A    /Users/66j/Documents/ORNL/code/g2full/GSASII/DefaultExpressions.txt
A    /Users/66j/Documents/ORNL/code/g2full/GSASII/G2compare.py
A    /Users/66j/Documents/ORNL/code/g2full/GSASII/GSASIIlog.py
A    /Users/66j/Documents/ORNL/code/g2full/GSASII/GSASIIstrMath.py
A    /Users/66j/Documents/ORNL/code/g2full/GSASII/GSASIIddataGUI.py
A    /Users/66j/Documents/ORNL/code/g2full/GSASII/gsas2.icns
A    /Users/66j/Documents/ORNL/code/g2full/GSASII/GSASIIlattice.py
A    /Users/66j/Documents/ORNL/code/g2full/GSASII/GSASIIElemGUI.py
A    /Users/66j/Documents/ORNL/code/g2full/GSASII/syarrow.ico
A    /Users/66j/Documents/ORNL/code/g2full/GSASII/AllBinaries
A    /Users/66j/Documents/ORNL/code/g2full/GSASII/AllBinaries/emptydir.txt
A    /Users/66j/Documents/ORNL/code/g2full/GSASII/makeMacApp.py
A    /Users/66j/Documents/ORNL/code/g2full/GSASII/defaultIparms.py
A    /Users/66j/Documents/ORNL/code/g2full/GSASII/PlotXNFF.py
A    /Users/66j/Documents/ORNL/code/g2full/GSASII/GSASIIstrIO.py
A    /Users/66j/Documents/ORNL/code/g2full/GSASII/help
A    /Users/66j/Documents/ORNL/code/g2full/GSASII/help/gsasII-pwdr_files
A    /Users/66j/Documents/ORNL/code/g2full/GSASII/help/gsasII-pwdr_files/item0060.xml
A    /Users/66j/Documents/ORNL/code/g2full/GSASII/help/gsasII-pwdr_files/image055.emz
A    /Users/66j/Documents/ORNL/code/g2full/GSASII/help/gsasII-pwdr_files/props061.xml
A    /Users/66j/Documents/ORNL/code/g2full/GSASII/help/gsasII-pwdr_files/filelist.xml
A    /Users/66j/Documents/ORNL/code/g2full/GSASII/help/gsasII-pwdr_files/themedata.thmx
A    /Users/66j/Documents/ORNL/code/g2full/GSASII/help/gsasII-pwdr_files/colorschememapping.xml
A    /Users/66j/Documents/ORNL/code/g2full/GSASII/help/gsasII-pwdr_files/image056.png
A    /Users/66j/Documents/ORNL/code/g2full/GSASII/help/gsasII-pwdr.html
A    /Users/66j/Documents/ORNL/code/g2full/GSASII/help/gsasII-phase_files
A    /Users/66j/Documents/ORNL/code/g2full/GSASII/help/gsasII-phase_files/image071.png
A    /Users/66j/Documents/ORNL/code/g2full/GSASII/help/gsasII-phase_files/image100.emz
A    /Users/66j/Documents/ORNL/code/g2full/GSASII/help/gsasII-phase_files/image073.png
A    /Users/66j/Documents/ORNL/code/g2full/GSASII/help/gsasII-phase_files/image102.emz
A    /Users/66j/Documents/ORNL/code/g2full/GSASII/help/gsasII-phase_files/image104.emz
A    /Users/66j/Documents/ORNL/code/g2full/GSASII/help/gsasII-phase_files/image023.emz
A    /Users/66j/Documents/ORNL/code/g2full/GSASII/help/gsasII-phase_files/image075.png
A    /Users/66j/Documents/ORNL/code/g2full/GSASII/help/gsasII-phase_files/image025.emz
A    /Users/66j/Documents/ORNL/code/g2full/GSASII/help/gsasII-phase_files/image027.emz
A    /Users/66j/Documents/ORNL/code/g2full/GSASII/help/gsasII-phase_files/image064.emz
A    /Users/66j/Documents/ORNL/code/g2full/GSASII/help/gsasII-phase_files/image029.emz
A    /Users/66j/Documents/ORNL/code/g2full/GSASII/help/gsasII-phase_files/image066.emz
A    /Users/66j/Documents/ORNL/code/g2full/GSASII/help/gsasII-phase_files/image068.emz
A    /Users/66j/Documents/ORNL/code/g2full/GSASII/help/gsasII-phase_files/image041.png
A    /Users/66j/Documents/ORNL/code/g2full/GSASII/help/gsasII-phase_files/image043.png
A    /Users/66j/Documents/ORNL/code/g2full/GSASII/help/gsasII-phase_files/image080.png
A    /Users/66j/Documents/ORNL/code/g2full/GSASII/help/gsasII-phase_files/image045.png
A    /Users/66j/Documents/ORNL/code/g2full/GSASII/help/gsasII-phase_files/image082.png
A    /Users/66j/Documents/ORNL/code/g2full/GSASII/help/gsasII-phase_files/image047.png
A    /Users/66j/Documents/ORNL/code/g2full/GSASII/help/gsasII-phase_files/image084.png
A    /Users/66j/Documents/ORNL/code/g2full/GSASII/help/gsasII-phase_files/image049.png
A    /Users/66j/Documents/ORNL/code/g2full/GSASII/help/gsasII-phase_files/image086.png
A    /Users/66j/Documents/ORNL/code/g2full/GSASII/help/gsasII-phase_files/image088.png
A    /Users/66j/Documents/ORNL/code/g2full/GSASII/help/gsasII-phase_files/image077.emz
A    /Users/66j/Documents/ORNL/code/g2full/GSASII/help/gsasII-phase_files/image079.emz
A    /Users/66j/Documents/ORNL/code/g2full/GSASII/help/gsasII-phase_files/colorschememapping.xml
A    /Users/66j/Documents/ORNL/code/g2full/GSASII/help/gsasII-phase_files/image011.png
A    /Users/66j/Documents/ORNL/code/g2full/GSASII/help/gsasII-phase_files/image013.png
A    /Users/66j/Documents/ORNL/code/g2full/GSASII/help/gsasII-phase_files/image050.png
A    /Users/66j/Documents/ORNL/code/g2full/GSASII/help/gsasII-phase_files/image015.png
A    /Users/66j/Documents/ORNL/code/g2full/GSASII/help/gsasII-phase_files/image052.png
A    /Users/66j/Documents/ORNL/code/g2full/GSASII/help/gsasII-phase_files/image017.png
A    /Users/66j/Documents/ORNL/code/g2full/GSASII/help/gsasII-phase_files/image054.png
A    /Users/66j/Documents/ORNL/code/g2full/GSASII/help/gsasII-phase_files/image019.png
A    /Users/66j/Documents/ORNL/code/g2full/GSASII/help/gsasII-phase_files/image056.png
A    /Users/66j/Documents/ORNL/code/g2full/GSASII/help/gsasII-phase_files/image041.emz
A    /Users/66j/Documents/ORNL/code/g2full/GSASII/help/gsasII-phase_files/image058.png
A    /Users/66j/Documents/ORNL/code/g2full/GSASII/help/gsasII-phase_files/image043.emz
A    /Users/66j/Documents/ORNL/code/g2full/GSASII/help/gsasII-phase_files/image099.png
A    /Users/66j/Documents/ORNL/code/g2full/GSASII/help/gsasII-phase_files/image101.png
A    /Users/66j/Documents/ORNL/code/g2full/GSASII/help/gsasII-phase_files/image020.png
A    /Users/66j/Documents/ORNL/code/g2full/GSASII/help/gsasII-phase_files/image022.png
A    /Users/66j/Documents/ORNL/code/g2full/GSASII/help/gsasII-phase_files/image103.png
A    /Users/66j/Documents/ORNL/code/g2full/GSASII/help/gsasII-phase_files/props061.xml
A    /Users/66j/Documents/ORNL/code/g2full/GSASII/help/gsasII-phase_files/image061.png
A    /Users/66j/Documents/ORNL/code/g2full/GSASII/help/gsasII-phase_files/image063.png
A    /Users/66j/Documents/ORNL/code/g2full/GSASII/help/gsasII-phase_files/image065.png
A    /Users/66j/Documents/ORNL/code/g2full/GSASII/help/gsasII-phase_files/image050.emz
A    /Users/66j/Documents/ORNL/code/g2full/GSASII/help/gsasII-phase_files/image067.png
A    /Users/66j/Documents/ORNL/code/g2full/GSASII/help/gsasII-phase_files/image069.png
A    /Users/66j/Documents/ORNL/code/g2full/GSASII/help/gsasII-phase_files/image091.emz
A    /Users/66j/Documents/ORNL/code/g2full/GSASII/help/gsasII-phase_files/image093.emz
A    /Users/66j/Documents/ORNL/code/g2full/GSASII/help/gsasII-phase_files/image095.emz
A    /Users/66j/Documents/ORNL/code/g2full/GSASII/help/gsasII-phase_files/themedata.thmx
A    /Users/66j/Documents/ORNL/code/g2full/GSASII/help/gsasII-phase_files/image097.emz
A    /Users/66j/Documents/ORNL/code/g2full/GSASII/help/gsasII-phase_files/image031.png
A    /Users/66j/Documents/ORNL/code/g2full/GSASII/help/gsasII-phase_files/image033.png
A    /Users/66j/Documents/ORNL/code/g2full/GSASII/help/gsasII-phase_files/image070.png
A    /Users/66j/Documents/ORNL/code/g2full/GSASII/help/gsasII-phase_files/image035.png
A    /Users/66j/Documents/ORNL/code/g2full/GSASII/help/gsasII-phase_files/image020.emz
A    /Users/66j/Documents/ORNL/code/g2full/GSASII/help/gsasII-phase_files/image072.png
A    /Users/66j/Documents/ORNL/code/g2full/GSASII/help/gsasII-phase_files/image037.png
A    /Users/66j/Documents/ORNL/code/g2full/GSASII/help/gsasII-phase_files/image022.emz
A    /Users/66j/Documents/ORNL/code/g2full/GSASII/help/gsasII-phase_files/image039.png
A    /Users/66j/Documents/ORNL/code/g2full/GSASII/help/gsasII-phase_files/image105.emz
A    /Users/66j/Documents/ORNL/code/g2full/GSASII/help/gsasII-phase_files/item0060.xml
A    /Users/66j/Documents/ORNL/code/g2full/GSASII/help/gsasII-phase_files/image061.emz
A    /Users/66j/Documents/ORNL/code/g2full/GSASII/help/gsasII-phase_files/image078.png
A    /Users/66j/Documents/ORNL/code/g2full/GSASII/help/gsasII-phase_files/image063.emz
A    /Users/66j/Documents/ORNL/code/g2full/GSASII/help/gsasII-phase_files/image001.png
A    /Users/66j/Documents/ORNL/code/g2full/GSASII/help/gsasII-phase_files/image003.png
A    /Users/66j/Documents/ORNL/code/g2full/GSASII/help/gsasII-phase_files/image005.png
A    /Users/66j/Documents/ORNL/code/g2full/GSASII/help/gsasII-phase_files/image007.png
A    /Users/66j/Documents/ORNL/code/g2full/GSASII/help/gsasII-phase_files/image044.png
A    /Users/66j/Documents/ORNL/code/g2full/GSASII/help/gsasII-phase_files/image009.png
A    /Users/66j/Documents/ORNL/code/g2full/GSASII/help/gsasII-phase_files/image046.png
A    /Users/66j/Documents/ORNL/code/g2full/GSASII/help/gsasII-phase_files/image031.emz
A    /Users/66j/Documents/ORNL/code/g2full/GSASII/help/gsasII-phase_files/image048.png
A    /Users/66j/Documents/ORNL/code/g2full/GSASII/help/gsasII-phase_files/image033.emz
A    /Users/66j/Documents/ORNL/code/g2full/GSASII/help/gsasII-phase_files/image070.emz
A    /Users/66j/Documents/ORNL/code/g2full/GSASII/help/gsasII-phase_files/image035.emz
A    /Users/66j/Documents/ORNL/code/g2full/GSASII/help/gsasII-phase_files/image072.emz
A    /Users/66j/Documents/ORNL/code/g2full/GSASII/help/gsasII-phase_files/image037.emz
A    /Users/66j/Documents/ORNL/code/g2full/GSASII/help/gsasII-phase_files/image074.emz
A    /Users/66j/Documents/ORNL/code/g2full/GSASII/help/gsasII-phase_files/image039.emz
A    /Users/66j/Documents/ORNL/code/g2full/GSASII/help/gsasII-phase_files/image076.emz
A    /Users/66j/Documents/ORNL/code/g2full/GSASII/help/gsasII-phase_files/image010.png
A    /Users/66j/Documents/ORNL/code/g2full/GSASII/help/gsasII-phase_files/image012.png
A    /Users/66j/Documents/ORNL/code/g2full/GSASII/help/gsasII-phase_files/image014.png
A    /Users/66j/Documents/ORNL/code/g2full/GSASII/help/gsasII-phase_files/image051.png
A    /Users/66j/Documents/ORNL/code/g2full/GSASII/help/gsasII-phase_files/image016.png
A    /Users/66j/Documents/ORNL/code/g2full/GSASII/help/gsasII-phase_files/props055.xml
A    /Users/66j/Documents/ORNL/code/g2full/GSASII/help/gsasII-phase_files/image053.png
A    /Users/66j/Documents/ORNL/code/g2full/GSASII/help/gsasII-phase_files/image001.emz
A    /Users/66j/Documents/ORNL/code/g2full/GSASII/help/gsasII-phase_files/image090.png
A    /Users/66j/Documents/ORNL/code/g2full/GSASII/help/gsasII-phase_files/image018.png
A    /Users/66j/Documents/ORNL/code/g2full/GSASII/help/gsasII-phase_files/image055.png
A    /Users/66j/Documents/ORNL/code/g2full/GSASII/help/gsasII-phase_files/image003.emz
A    /Users/66j/Documents/ORNL/code/g2full/GSASII/help/gsasII-phase_files/image092.png
A    /Users/66j/Documents/ORNL/code/g2full/GSASII/help/gsasII-phase_files/props059.xml
A    /Users/66j/Documents/ORNL/code/g2full/GSASII/help/gsasII-phase_files/image057.png
A    /Users/66j/Documents/ORNL/code/g2full/GSASII/help/gsasII-phase_files/image005.emz
A    /Users/66j/Documents/ORNL/code/g2full/GSASII/help/gsasII-phase_files/image094.png
A    /Users/66j/Documents/ORNL/code/g2full/GSASII/help/gsasII-phase_files/image059.png
A    /Users/66j/Documents/ORNL/code/g2full/GSASII/help/gsasII-phase_files/image007.emz
A    /Users/66j/Documents/ORNL/code/g2full/GSASII/help/gsasII-phase_files/image044.emz
A    /Users/66j/Documents/ORNL/code/g2full/GSASII/help/gsasII-phase_files/image096.png
A    /Users/66j/Documents/ORNL/code/g2full/GSASII/help/gsasII-phase_files/image009.emz
A    /Users/66j/Documents/ORNL/code/g2full/GSASII/help/gsasII-phase_files/image081.emz
A    /Users/66j/Documents/ORNL/code/g2full/GSASII/help/gsasII-phase_files/image046.emz
A    /Users/66j/Documents/ORNL/code/g2full/GSASII/help/gsasII-phase_files/image083.emz
A    /Users/66j/Documents/ORNL/code/g2full/GSASII/help/gsasII-phase_files/image048.emz
A    /Users/66j/Documents/ORNL/code/g2full/GSASII/help/gsasII-phase_files/image085.emz
A    /Users/66j/Documents/ORNL/code/g2full/GSASII/help/gsasII-phase_files/filelist.xml
A    /Users/66j/Documents/ORNL/code/g2full/GSASII/help/gsasII-phase_files/image087.emz
A    /Users/66j/Documents/ORNL/code/g2full/GSASII/help/gsasII-phase_files/image089.emz
A    /Users/66j/Documents/ORNL/code/g2full/GSASII/help/gsasII-phase_files/image021.png
A    /Users/66j/Documents/ORNL/code/g2full/GSASII/help/gsasII-phase_files/image023.png
A    /Users/66j/Documents/ORNL/code/g2full/GSASII/help/gsasII-phase_files/image060.png
A    /Users/66j/Documents/ORNL/code/g2full/GSASII/help/gsasII-phase_files/image106.png
A    /Users/66j/Documents/ORNL/code/g2full/GSASII/help/gsasII-phase_files/image025.png
A    /Users/66j/Documents/ORNL/code/g2full/GSASII/help/gsasII-phase_files/image010.emz
A    /Users/66j/Documents/ORNL/code/g2full/GSASII/help/gsasII-phase_files/image062.png
A    /Users/66j/Documents/ORNL/code/g2full/GSASII/help/gsasII-phase_files/image027.png
A    /Users/66j/Documents/ORNL/code/g2full/GSASII/help/gsasII-phase_files/image012.emz
A    /Users/66j/Documents/ORNL/code/g2full/GSASII/help/gsasII-phase_files/image064.png
A    /Users/66j/Documents/ORNL/code/g2full/GSASII/help/gsasII-phase_files/image029.png
A    /Users/66j/Documents/ORNL/code/g2full/GSASII/help/gsasII-phase_files/image014.emz
A    /Users/66j/Documents/ORNL/code/g2full/GSASII/help/gsasII-phase_files/image066.png
A    /Users/66j/Documents/ORNL/code/g2full/GSASII/help/gsasII-phase_files/image051.emz
A    /Users/66j/Documents/ORNL/code/g2full/GSASII/help/gsasII-phase_files/image016.emz
A    /Users/66j/Documents/ORNL/code/g2full/GSASII/help/gsasII-phase_files/image068.png
A    /Users/66j/Documents/ORNL/code/g2full/GSASII/help/gsasII-phase_files/image018.emz
A    /Users/66j/Documents/ORNL/code/g2full/GSASII/help/gsasII-phase_files/item0054.xml
A    /Users/66j/Documents/ORNL/code/g2full/GSASII/help/gsasII-phase_files/image055.emz
A    /Users/66j/Documents/ORNL/code/g2full/GSASII/help/gsasII-phase_files/image057.emz
A    /Users/66j/Documents/ORNL/code/g2full/GSASII/help/gsasII-phase_files/item0058.xml
A    /Users/66j/Documents/ORNL/code/g2full/GSASII/help/gsasII-phase_files/image059.emz
A    /Users/66j/Documents/ORNL/code/g2full/GSASII/help/gsasII-phase_files/image098.emz
A    /Users/66j/Documents/ORNL/code/g2full/GSASII/help/gsasIIfav.png
A    /Users/66j/Documents/ORNL/code/g2full/GSASII/help/gsasII-phase.html
A    /Users/66j/Documents/ORNL/code/g2full/GSASII/help/gsasII_files
A    /Users/66j/Documents/ORNL/code/g2full/GSASII/help/gsasII_files/colorschememapping.xml
A    /Users/66j/Documents/ORNL/code/g2full/GSASII/help/gsasII_files/xform.png
A    /Users/66j/Documents/ORNL/code/g2full/GSASII/help/gsasII_files/wrong.png
A    /Users/66j/Documents/ORNL/code/g2full/GSASII/help/gsasII_files/image001.png
A    /Users/66j/Documents/ORNL/code/g2full/GSASII/help/gsasII_files/image010.png
A    /Users/66j/Documents/ORNL/code/g2full/GSASII/help/gsasII_files/image002.png
A    /Users/66j/Documents/ORNL/code/g2full/GSASII/help/gsasII_files/image020.png
A    /Users/66j/Documents/ORNL/code/g2full/GSASII/help/gsasII_files/image012.png
A    /Users/66j/Documents/ORNL/code/g2full/GSASII/help/gsasII_files/image021.png
A    /Users/66j/Documents/ORNL/code/g2full/GSASII/help/gsasII_files/props025.xml
A    /Users/66j/Documents/ORNL/code/g2full/GSASII/help/gsasII_files/props007.xml
A    /Users/66j/Documents/ORNL/code/g2full/GSASII/help/gsasII_files/image004.png
A    /Users/66j/Documents/ORNL/code/g2full/GSASII/help/gsasII_files/image022.png
A    /Users/66j/Documents/ORNL/code/g2full/GSASII/help/gsasII_files/image014.png
A    /Users/66j/Documents/ORNL/code/g2full/GSASII/help/gsasII_files/image023.png
A    /Users/66j/Documents/ORNL/code/g2full/GSASII/help/gsasII_files/image024.png
A    /Users/66j/Documents/ORNL/code/g2full/GSASII/help/gsasII_files/image006.png
A    /Users/66j/Documents/ORNL/code/g2full/GSASII/help/gsasII_files/image016.png
A    /Users/66j/Documents/ORNL/code/g2full/GSASII/help/gsasII_files/image025.png
A    /Users/66j/Documents/ORNL/code/g2full/GSASII/help/gsasII_files/image008.png
A    /Users/66j/Documents/ORNL/code/g2full/GSASII/help/gsasII_files/image026.png
A    /Users/66j/Documents/ORNL/code/g2full/GSASII/help/gsasII_files/image018.png
A    /Users/66j/Documents/ORNL/code/g2full/GSASII/help/gsasII_files/image027.png
A    /Users/66j/Documents/ORNL/code/g2full/GSASII/help/gsasII_files/item0006.xml
A    /Users/66j/Documents/ORNL/code/g2full/GSASII/help/gsasII_files/item0024.xml
A    /Users/66j/Documents/ORNL/code/g2full/GSASII/help/gsasII_files/filelist.xml
A    /Users/66j/Documents/ORNL/code/g2full/GSASII/help/gsasII_files/themedata.thmx
A    /Users/66j/Documents/ORNL/code/g2full/GSASII/help/gsasII.html
A    /Users/66j/Documents/ORNL/code/g2full/GSASII/help/gsas2logo.png
A    /Users/66j/Documents/ORNL/code/g2full/GSASII/help/graphbar.jpg
A    /Users/66j/Documents/ORNL/code/g2full/GSASII/help/gsasII-index.html
A    /Users/66j/Documents/ORNL/code/g2full/GSASII/help/gsasII-index.fld
A    /Users/66j/Documents/ORNL/code/g2full/GSASII/help/gsasII-index.fld/filelist.xml
A    /Users/66j/Documents/ORNL/code/g2full/GSASII/help/gsasII-index.fld/themedata.thmx
A    /Users/66j/Documents/ORNL/code/g2full/GSASII/help/gsasII-index.fld/colorschememapping.xml
A    /Users/66j/Documents/ORNL/code/g2full/GSASII/help/gsasII-index.fld/item0001.xml
A    /Users/66j/Documents/ORNL/code/g2full/GSASII/help/gsasII-index.fld/props002.xml
A    /Users/66j/Documents/ORNL/code/g2full/GSASII/help/Tutorials.html
A    /Users/66j/Documents/ORNL/code/g2full/GSASII/gsas2.ico
A    /Users/66j/Documents/ORNL/code/g2full/GSASII/OriginTemplate2.otpu
A    /Users/66j/Documents/ORNL/code/g2full/GSASII/GSASIIrestrGUI.py
A    /Users/66j/Documents/ORNL/code/g2full/GSASII/GSASIIindex.py
A    /Users/66j/Documents/ORNL/code/g2full/GSASII/GSASIIctrlGUI.py
A    /Users/66j/Documents/ORNL/code/g2full/GSASII/key.ico
A    /Users/66j/Documents/ORNL/code/g2full/GSASII/CifFile
A    /Users/66j/Documents/ORNL/code/g2full/GSASII/CifFile/StarFile.py
A    /Users/66j/Documents/ORNL/code/g2full/GSASII/CifFile/TypeContentsParser.py
A    /Users/66j/Documents/ORNL/code/g2full/GSASII/CifFile/YappsStarParser_STAR2.py
A    /Users/66j/Documents/ORNL/code/g2full/GSASII/CifFile/__init__.py
A    /Users/66j/Documents/ORNL/code/g2full/GSASII/CifFile/yapps3_compiled_rt.py
A    /Users/66j/Documents/ORNL/code/g2full/GSASII/CifFile/CifFile.py
A    /Users/66j/Documents/ORNL/code/g2full/GSASII/CifFile/parsetab.py
A    /Users/66j/Documents/ORNL/code/g2full/GSASII/CifFile/YappsStarParser_1_0.py
A    /Users/66j/Documents/ORNL/code/g2full/GSASII/CifFile/YappsStarParser_1_1.py
A    /Users/66j/Documents/ORNL/code/g2full/GSASII/CifFile/YappsStarParser_2_0.py
A    /Users/66j/Documents/ORNL/code/g2full/GSASII/atmdata.py
A    /Users/66j/Documents/ORNL/code/g2full/GSASII/G2shapes.py
A    /Users/66j/Documents/ORNL/code/g2full/GSASII/exports
A    /Users/66j/Documents/ORNL/code/g2full/GSASII/exports/cif_core.dic
A    /Users/66j/Documents/ORNL/code/g2full/GSASII/exports/template_single.cif
A    /Users/66j/Documents/ORNL/code/g2full/GSASII/exports/G2export_csv.py
A    /Users/66j/Documents/ORNL/code/g2full/GSASII/exports/G2export_CIF.py
A    /Users/66j/Documents/ORNL/code/g2full/GSASII/exports/cif_core.cpickle
A    /Users/66j/Documents/ORNL/code/g2full/GSASII/exports/cif_pd.dic
A    /Users/66j/Documents/ORNL/code/g2full/GSASII/exports/G2export_PDB.py
A    /Users/66j/Documents/ORNL/code/g2full/GSASII/exports/__init__.py
A    /Users/66j/Documents/ORNL/code/g2full/GSASII/exports/G2export_FIT2D.py
A    /Users/66j/Documents/ORNL/code/g2full/GSASII/exports/G2export_JSON.py
A    /Users/66j/Documents/ORNL/code/g2full/GSASII/exports/template_powder.cif
A    /Users/66j/Documents/ORNL/code/g2full/GSASII/exports/template_phase.cif
A    /Users/66j/Documents/ORNL/code/g2full/GSASII/exports/G2export_Bracket.py
A    /Users/66j/Documents/ORNL/code/g2full/GSASII/exports/cif_pd.cpickle
A    /Users/66j/Documents/ORNL/code/g2full/GSASII/exports/G2export_pwdr.py
A    /Users/66j/Documents/ORNL/code/g2full/GSASII/exports/template_publ.cif
A    /Users/66j/Documents/ORNL/code/g2full/GSASII/exports/G2export_map.py
A    /Users/66j/Documents/ORNL/code/g2full/GSASII/exports/G2export_examples.py
A    /Users/66j/Documents/ORNL/code/g2full/GSASII/exports/G2export_image.py
A    /Users/66j/Documents/ORNL/code/g2full/GSASII/exports/G2export_shelx.py
A    /Users/66j/Documents/ORNL/code/g2full/GSASII/nistlat.py
A    /Users/66j/Documents/ORNL/code/g2full/GSASII/GSASIIdataGUI.py
A    /Users/66j/Documents/ORNL/code/g2full/GSASII/GSASII.py
A    /Users/66j/Documents/ORNL/code/g2full/GSASII/darrow.ico
A    /Users/66j/Documents/ORNL/code/g2full/GSASII/GSASIIimgGUI.py
A    /Users/66j/Documents/ORNL/code/g2full/GSASII/gsas2mac.ico
A    /Users/66j/Documents/ORNL/code/g2full/GSASII/GSASIIexprGUI.py
A    /Users/66j/Documents/ORNL/code/g2full/GSASII/versioninfo.txt
A    /Users/66j/Documents/ORNL/code/g2full/GSASII/publish.ico
A    /Users/66j/Documents/ORNL/code/g2full/GSASII/larrow.ico
A    /Users/66j/Documents/ORNL/code/g2full/GSASII/GSASIImath.py
A    /Users/66j/Documents/ORNL/code/g2full/GSASII/GSASIIsasd.py
A    /Users/66j/Documents/ORNL/code/g2full/GSASII/GSASIIseqGUI.py
A    /Users/66j/Documents/ORNL/code/g2full/GSASII/GSASIImacros
A    /Users/66j/Documents/ORNL/code/g2full/GSASII/GSASIImacros/planes-resrb.mac
A    /Users/66j/Documents/ORNL/code/g2full/GSASII/GSASIImacros/torsion.mac
A    /Users/66j/Documents/ORNL/code/g2full/GSASII/GSASIImacros/ramachandran.mac
A    /Users/66j/Documents/ORNL/code/g2full/GSASII/GSASIImacros/bonds-resrb.mac
A    /Users/66j/Documents/ORNL/code/g2full/GSASII/GSASIImacros/residue-rb.mac
A    /Users/66j/Documents/ORNL/code/g2full/GSASII/GSASIImacros/chiral.mac
A    /Users/66j/Documents/ORNL/code/g2full/GSASII/GSASIImacros/planes.mac
A    /Users/66j/Documents/ORNL/code/g2full/GSASII/GSASIImacros/angles-resrb.mac
A    /Users/66j/Documents/ORNL/code/g2full/GSASII/GSASIImacros/bonds.mac
A    /Users/66j/Documents/ORNL/code/g2full/GSASII/GSASIImacros/angles.mac
A    /Users/66j/Documents/ORNL/code/g2full/GSASII/GSASIIpwdGUI.py
A    /Users/66j/Documents/ORNL/code/g2full/GSASII/ISODISTORT.py
A    /Users/66j/Documents/ORNL/code/g2full/GSASII/makeBat.py
A    /Users/66j/Documents/ORNL/code/g2full/GSASII/imports
A    /Users/66j/Documents/ORNL/code/g2full/GSASII/imports/G2pwd_rigaku.py
A    /Users/66j/Documents/ORNL/code/g2full/GSASII/imports/G2sfact.py
A    /Users/66j/Documents/ORNL/code/g2full/GSASII/imports/G2phase.py
A    /Users/66j/Documents/ORNL/code/g2full/GSASII/imports/G2rfd_xye.py
A    /Users/66j/Documents/ORNL/code/g2full/GSASII/imports/G2pdf_gr.py
A    /Users/66j/Documents/ORNL/code/g2full/GSASII/imports/G2pwd_csv.py
A    /Users/66j/Documents/ORNL/code/g2full/GSASII/imports/G2img_ADSC.py
A    /Users/66j/Documents/ORNL/code/g2full/GSASII/imports/G2phase_INS.py
A    /Users/66j/Documents/ORNL/code/g2full/GSASII/imports/G2phase_xyz.py
A    /Users/66j/Documents/ORNL/code/g2full/GSASII/imports/G2pwd_CIF.py
A    /Users/66j/Documents/ORNL/code/g2full/GSASII/imports/G2img_MAR.py
A    /Users/66j/Documents/ORNL/code/g2full/GSASII/imports/G2pwd_BrukerRAW.py
A    /Users/66j/Documents/ORNL/code/g2full/GSASII/imports/G2img_Rigaku.py
A    /Users/66j/Documents/ORNL/code/g2full/GSASII/imports/G2pwd_xye.py
A    /Users/66j/Documents/ORNL/code/g2full/GSASII/imports/G2phase_CIF.py
A    /Users/66j/Documents/ORNL/code/g2full/GSASII/imports/G2sfact_CIF.py
A    /Users/66j/Documents/ORNL/code/g2full/GSASII/imports/G2sad_xye.py
A    /Users/66j/Documents/ORNL/code/g2full/GSASII/imports/G2rfd_Panalytical.py
A    /Users/66j/Documents/ORNL/code/g2full/GSASII/imports/G2phase_rmc6f.py
A    /Users/66j/Documents/ORNL/code/g2full/GSASII/imports/G2img_1TIF.py
A    /Users/66j/Documents/ORNL/code/g2full/GSASII/imports/G2img_CheMin.py
A    /Users/66j/Documents/ORNL/code/g2full/GSASII/imports/G2img_SFRM.py
A    /Users/66j/Documents/ORNL/code/g2full/GSASII/imports/G2pwd_GPX.py
A    /Users/66j/Documents/ORNL/code/g2full/GSASII/imports/G2pwd_Panalytical.py
A    /Users/66j/Documents/ORNL/code/g2full/GSASII/imports/G2phase_GPX.py
A    /Users/66j/Documents/ORNL/code/g2full/GSASII/imports/G2pwd_FP.py
A    /Users/66j/Documents/ORNL/code/g2full/GSASII/imports/G2img_HDF5.py
A    /Users/66j/Documents/ORNL/code/g2full/GSASII/imports/G2img_PILTIF.py
A    /Users/66j/Documents/ORNL/code/g2full/GSASII/imports/G2pwd_fxye.py
A    /Users/66j/Documents/ORNL/code/g2full/GSASII/imports/G2img_CBF.py
A    /Users/66j/Documents/ORNL/code/g2full/GSASII/imports/G2img_GE.py
A    /Users/66j/Documents/ORNL/code/g2full/GSASII/imports/G2img_SumG2.py
A    /Users/66j/Documents/ORNL/code/g2full/GSASII/imports/G2img_EDF.py
A    /Users/66j/Documents/ORNL/code/g2full/GSASII/Xsect.dat
A    /Users/66j/Documents/ORNL/code/g2full/GSASII/testSytSym.py
A    /Users/66j/Documents/ORNL/code/g2full/GSASII/Absorb.py
A    /Users/66j/Documents/ORNL/code/g2full/GSASII/GSASIImpsubs.py
A    /Users/66j/Documents/ORNL/code/g2full/GSASII/GSASIIdata.py
A    /Users/66j/Documents/ORNL/code/g2full/GSASII/GSASIIfpaGUI.py
A    /Users/66j/Documents/ORNL/code/g2full/GSASII/gsas2.png
A    /Users/66j/Documents/ORNL/code/g2full/GSASII/GSASIIstrMain.py
A    /Users/66j/Documents/ORNL/code/g2full/GSASII/GSASIItestplot.py
A    /Users/66j/Documents/ORNL/code/g2full/GSASII/fsource
A    /Users/66j/Documents/ORNL/code/g2full/GSASII/fsource/histosigma2d.for
A    /Users/66j/Documents/ORNL/code/g2full/GSASII/fsource/polymask.for
A    /Users/66j/Documents/ORNL/code/g2full/GSASII/fsource/spotmask.for
A    /Users/66j/Documents/ORNL/code/g2full/GSASII/fsource/pyspg.for
A    /Users/66j/Documents/ORNL/code/g2full/GSASII/fsource/convcell.f
A    /Users/66j/Documents/ORNL/code/g2full/GSASII/fsource/texturesubs
A    /Users/66j/Documents/ORNL/code/g2full/GSASII/fsource/texturesubs/sind.for
A    /Users/66j/Documents/ORNL/code/g2full/GSASII/fsource/texturesubs/dgammln.for
A    /Users/66j/Documents/ORNL/code/g2full/GSASII/fsource/texturesubs/plmpsi.for
A    /Users/66j/Documents/ORNL/code/g2full/GSASII/fsource/texturesubs/factln.for
A    /Users/66j/Documents/ORNL/code/g2full/GSASII/fsource/texturesubs/qlmn.for
A    /Users/66j/Documents/ORNL/code/g2full/GSASII/fsource/texturesubs/cosd.for
A    /Users/66j/Documents/ORNL/code/g2full/GSASII/fsource/texturesubs/qlmninit.for
A    /Users/66j/Documents/ORNL/code/g2full/GSASII/fsource/texturesubs/aplms.for
A    /Users/66j/Documents/ORNL/code/g2full/GSASII/fsource/pytexture.for
A    /Users/66j/Documents/ORNL/code/g2full/GSASII/fsource/pypowder.for
A    /Users/66j/Documents/ORNL/code/g2full/GSASII/fsource/DIFFaXsubs
A    /Users/66j/Documents/ORNL/code/g2full/GSASII/fsource/DIFFaXsubs/DIFFaX.par
A    /Users/66j/Documents/ORNL/code/g2full/GSASII/fsource/DIFFaXsubs/DIFFaXsubs.for
A    /Users/66j/Documents/ORNL/code/g2full/GSASII/fsource/DIFFaXsubs/DIFFaX.inc
A    /Users/66j/Documents/ORNL/code/g2full/GSASII/fsource/pydiffax.for
A    /Users/66j/Documents/ORNL/code/g2full/GSASII/fsource/powsubs
A    /Users/66j/Documents/ORNL/code/g2full/GSASII/fsource/powsubs/lorentz.for
A    /Users/66j/Documents/ORNL/code/g2full/GSASII/fsource/powsubs/sind.for
A    /Users/66j/Documents/ORNL/code/g2full/GSASII/fsource/powsubs/epsvoigt.for
A    /Users/66j/Documents/ORNL/code/g2full/GSASII/fsource/powsubs/hfunc.for
A    /Users/66j/Documents/ORNL/code/g2full/GSASII/fsource/powsubs/psvfcj.f90
A    /Users/66j/Documents/ORNL/code/g2full/GSASII/fsource/powsubs/gauleg.for
A    /Users/66j/Documents/ORNL/code/g2full/GSASII/fsource/powsubs/gerfc.for
A    /Users/66j/Documents/ORNL/code/g2full/GSASII/fsource/powsubs/tand.for
A    /Users/66j/Documents/ORNL/code/g2full/GSASII/fsource/powsubs/expint.for
A    /Users/66j/Documents/ORNL/code/g2full/GSASII/fsource/powsubs/cosd.for
A    /Users/66j/Documents/ORNL/code/g2full/GSASII/fsource/powsubs/acosd.for
A    /Users/66j/Documents/ORNL/code/g2full/GSASII/fsource/powsubs/psvfcjo.for
A    /Users/66j/Documents/ORNL/code/g2full/GSASII/fsource/powsubs/psvoigt.for
A    /Users/66j/Documents/ORNL/code/g2full/GSASII/fsource/LATTIC.f
A    /Users/66j/Documents/ORNL/code/g2full/GSASII/fsource/SConstruct
A    /Users/66j/Documents/ORNL/code/g2full/GSASII/fsource/histogram2d.for
A    /Users/66j/Documents/ORNL/code/g2full/GSASII/fsource/pack_f.for
A    /Users/66j/Documents/ORNL/code/g2full/GSASII/fsource/NISTlatsubs
A    /Users/66j/Documents/ORNL/code/g2full/GSASII/fsource/NISTlatsubs/SPCOND.f
A    /Users/66j/Documents/ORNL/code/g2full/GSASII/fsource/NISTlatsubs/DOT.f
A    /Users/66j/Documents/ORNL/code/g2full/GSASII/fsource/NISTlatsubs/HEAD5.f
A    /Users/66j/Documents/ORNL/code/g2full/GSASII/fsource/NISTlatsubs/TRANS.f
A    /Users/66j/Documents/ORNL/code/g2full/GSASII/fsource/NISTlatsubs/HEAD6.f
A    /Users/66j/Documents/ORNL/code/g2full/GSASII/fsource/NISTlatsubs/RD021.f
A    /Users/66j/Documents/ORNL/code/g2full/GSASII/fsource/NISTlatsubs/NORMAL.f
A    /Users/66j/Documents/ORNL/code/g2full/GSASII/fsource/NISTlatsubs/SET.f
A    /Users/66j/Documents/ORNL/code/g2full/GSASII/fsource/NISTlatsubs/RD051.f
A    /Users/66j/Documents/ORNL/code/g2full/GSASII/fsource/NISTlatsubs/RD061.f
A    /Users/66j/Documents/ORNL/code/g2full/GSASII/fsource/NISTlatsubs/OUTPT1.f
A    /Users/66j/Documents/ORNL/code/g2full/GSASII/fsource/NISTlatsubs/OUTPT2.f
A    /Users/66j/Documents/ORNL/code/g2full/GSASII/fsource/NISTlatsubs/QMATRI.f
A    /Users/66j/Documents/ORNL/code/g2full/GSASII/fsource/NISTlatsubs/HMATRX.f
A    /Users/66j/Documents/ORNL/code/g2full/GSASII/fsource/NISTlatsubs/CKPT02.f
A    /Users/66j/Documents/ORNL/code/g2full/GSASII/fsource/NISTlatsubs/SPCON2.f
A    /Users/66j/Documents/ORNL/code/g2full/GSASII/fsource/NISTlatsubs/BLOCKDATA1.f
A    /Users/66j/Documents/ORNL/code/g2full/GSASII/fsource/NISTlatsubs/INVERS.f
A    /Users/66j/Documents/ORNL/code/g2full/GSASII/fsource/NISTlatsubs/REDUCE.f
A    /Users/66j/Documents/ORNL/code/g2full/GSASII/fsource/NISTlatsubs/VOLUME.f
A    /Users/66j/Documents/ORNL/code/g2full/GSASII/fsource/NISTlatsubs/DERIV.f
A    /Users/66j/Documents/ORNL/code/g2full/GSASII/fsource/NISTlatsubs/MULTIP.f
A    /Users/66j/Documents/ORNL/code/g2full/GSASII/fsource/NISTlatsubs/MNCOND.f
A    /Users/66j/Documents/ORNL/code/g2full/GSASII/fsource/NISTlatsubs/DETERM.f
A    /Users/66j/Documents/ORNL/code/g2full/GSASII/fsource/NISTlatsubs/CENTER.f
A    /Users/66j/Documents/ORNL/code/g2full/GSASII/fsource/NISTlatsubs/HEAD0.f
A    /Users/66j/Documents/ORNL/code/g2full/GSASII/fsource/NISTlatsubs/HEAD2.f
A    /Users/66j/Documents/ORNL/code/g2full/GSASII/fsource/NISTlatsubs/HEAD3.f
A    /Users/66j/Documents/ORNL/code/g2full/GSASII/fsource/NISTlatsubs/SHORTV.f
A    /Users/66j/Documents/ORNL/code/g2full/GSASII/fsource/NISTlatsubs/HEAD4.f
A    /Users/66j/Documents/ORNL/code/g2full/GSASII/fsource/INCLDS
A    /Users/66j/Documents/ORNL/code/g2full/GSASII/fsource/INCLDS/COPYRIGT.FOR
A    /Users/66j/Documents/ORNL/code/g2full/GSASII/fsource/Makefile
A    /Users/66j/Documents/ORNL/code/g2full/GSASII/fsource/spsubs
A    /Users/66j/Documents/ORNL/code/g2full/GSASII/fsource/spsubs/genhkl.for
A    /Users/66j/Documents/ORNL/code/g2full/GSASII/fsource/spsubs/sgoprn.for
A    /Users/66j/Documents/ORNL/code/g2full/GSASII/fsource/spsubs/sgtrcf.for
A    /Users/66j/Documents/ORNL/code/g2full/GSASII/fsource/spsubs/sglcen.for
A    /Users/66j/Documents/ORNL/code/g2full/GSASII/fsource/spsubs/sglatc.for
A    /Users/66j/Documents/ORNL/code/g2full/GSASII/fsource/spsubs/sgrmat.for
A    /Users/66j/Documents/ORNL/code/g2full/GSASII/fsource/spsubs/sgroupnp.for
A    /Users/66j/Documents/ORNL/code/g2full/GSASII/fsource/spsubs/sglpak.for
A    /Users/66j/Documents/ORNL/code/g2full/GSASII/fsource/spsubs/sgmtml.for
A    /Users/66j/Documents/ORNL/code/g2full/GSASII/fsource/unpack_cbf.for
A    /Users/66j/Documents/ORNL/code/g2full/GSASII/GSASIIimage.py
A    /Users/66j/Documents/ORNL/code/g2full/GSASII/fprime.py
A    /Users/66j/Documents/ORNL/code/g2full/GSASII/GSASIIElem.py
A    /Users/66j/Documents/ORNL/code/g2full/GSASII/GSASIIIntPDFtool.py
A    /Users/66j/Documents/ORNL/code/g2full/GSASII/FormFactors.py
A    /Users/66j/Documents/ORNL/code/g2full/GSASII/makeVarTbl.py
A    /Users/66j/Documents/ORNL/code/g2full/GSASII/kSUBGROUPSMAG.py
A    /Users/66j/Documents/ORNL/code/g2full/GSASII/scanCCD.py
A    /Users/66j/Documents/ORNL/code/g2full/GSASII/GSASIIphsGUI.py
A    /Users/66j/Documents/ORNL/code/g2full/GSASII/testinp
A    /Users/66j/Documents/ORNL/code/g2full/GSASII/testinp/genhkltest.py
A    /Users/66j/Documents/ORNL/code/g2full/GSASII/testinp/gencelltests.py
A    /Users/66j/Documents/ORNL/code/g2full/GSASII/testinp/spctestinp.py
A    /Users/66j/Documents/ORNL/code/g2full/GSASII/testinp/test.sas
A    /Users/66j/Documents/ORNL/code/g2full/GSASII/testinp/sgtbxtestinp.py
A    /Users/66j/Documents/ORNL/code/g2full/GSASII/testinp/gensgtbx.py
A    /Users/66j/Documents/ORNL/code/g2full/GSASII/testinp/genselftest.py
A    /Users/66j/Documents/ORNL/code/g2full/GSASII/testinp/sgtbxlattinp.py
A    /Users/66j/Documents/ORNL/code/g2full/GSASII/uarrow.ico
A    /Users/66j/Documents/ORNL/code/g2full/GSASII/unit_tests.py
A    /Users/66j/Documents/ORNL/code/g2full/GSASII/makeTutorial.py
A    /Users/66j/Documents/ORNL/code/g2full/GSASII/testXNFF.py
A    /Users/66j/Documents/ORNL/code/g2full/GSASII/GSASIIfiles.py
 U   /Users/66j/Documents/ORNL/code/g2full/GSASII
Checked out revision 5447.
Selecting Python binary 3.10
Selecting numpy binary 1.23
Running bootstrap from /Users/66j/Documents/ORNL/code/g2full/GSASII at 2022-12-26 18:27:43.178766
	Id: $Id: bootstrap.py 5426 2022-12-09 22:49:23Z toby $
Python:     3.10.8
numpy:      1.23.5
**********************************************************************
Preloading matplotlib to build fonts...
Checking python packages...

Checking for subversion...
 found svn image: /Users/66j/Documents/ORNL/code/g2full/GSASII/svn/bin/svn
Ready to bootstrap GSAS-II from repository
	https://subversion.xray.aps.anl.gov/pyGSAS/
to /Users/66j/Documents/ORNL/code/g2full/GSASII
previous svn installation found, Prepare with a cleanup

***************************************************************************
Now preparing to install GSAS-II
svn load command:  /Users/66j/Documents/ORNL/code/g2full/GSASII/svn/bin/svn co https://subversion.xray.aps.anl.gov/pyGSAS/trunk/ /Users/66j/Documents/ORNL/code/g2full/GSASII --non-interactive --trust-server-cert

subversion output:

***************************************************************************
import of GSASIIpath completed
Load binaries from mac_64_p3.10_n1.23
Loading files to /Users/66j/Documents/ORNL/code/g2full/GSASII/bindist/
  from https://subversion.xray.aps.anl.gov/pyGSAS/Binaries/mac_64_p3.10_n1.23/

svn command:  /Users/66j/Documents/ORNL/code/g2full/GSASII/svn/bin/svn switch https://subversion.xray.aps.anl.gov/pyGSAS/Binaries/mac_64_p3.10_n1.23/ /Users/66j/Documents/ORNL/code/g2full/GSASII/bindist/ --non-interactive --trust-server-cert --accept theirs-conflict --force -rHEAD --ignore-ancestry 

=== Output from svn switch===========================================
D    /Users/66j/Documents/ORNL/code/g2full/GSASII/bindist/emptydir.txt
A    /Users/66j/Documents/ORNL/code/g2full/GSASII/bindist/pypowder.cpython-310-darwin.so
A    /Users/66j/Documents/ORNL/code/g2full/GSASII/bindist/pytexture.cpython-310-darwin.so
A    /Users/66j/Documents/ORNL/code/g2full/GSASII/bindist/LATTIC
A    /Users/66j/Documents/ORNL/code/g2full/GSASII/bindist/pydiffax.cpython-310-darwin.so
A    /Users/66j/Documents/ORNL/code/g2full/GSASII/bindist/unpack_cbf.cpython-310-darwin.so
A    /Users/66j/Documents/ORNL/code/g2full/GSASII/bindist/histosigma2d.cpython-310-darwin.so
A    /Users/66j/Documents/ORNL/code/g2full/GSASII/bindist/Build.notes.txt
A    /Users/66j/Documents/ORNL/code/g2full/GSASII/bindist/convcell
A    /Users/66j/Documents/ORNL/code/g2full/GSASII/bindist/polymask.cpython-310-darwin.so
A    /Users/66j/Documents/ORNL/code/g2full/GSASII/bindist/spotmask.cpython-310-darwin.so
A    /Users/66j/Documents/ORNL/code/g2full/GSASII/bindist/pyspg.cpython-310-darwin.so
A    /Users/66j/Documents/ORNL/code/g2full/GSASII/bindist/histogram2d.cpython-310-darwin.so
A    /Users/66j/Documents/ORNL/code/g2full/GSASII/bindist/pack_f.cpython-310-darwin.so
A    /Users/66j/Documents/ORNL/code/g2full/GSASII/bindist/libquadmath.0.dylib
Updated to revision 5447.
======================================================================

